Customer 0: site 0 -> site 4.
Customer 1: site 1 -> site 1.
Customer 2: site 3 -> site 3.
Customer 3: site 1 -> site 2.
Customer 4: site 0 -> site 4.
Customer 5: site 4 -> site 2.
Customer 6: site 2 -> site 2.
Customer 7: site 1 -> site 3.
Customer 8: site 1 -> site 0.
Customer 9: site 3 -> site 3.
Customer 10: site 2 -> site 1.
Customer 11: site 0 -> site 1.
Customer 12: site 4 -> site 4.
Customer 13: site 1 -> site 4.
Customer 14: site 2 -> site 4.
Customer 15: site 0 -> site 2.
Customer 16: site 3 -> site 4.
Customer 17: site 0 -> site 3.
Customer 18: site 4 -> site 2.
Customer 19: site 0 -> site 0.
Customer 20: site 0 -> site 4.
Customer 21: site 1 -> site 4.
Customer 22: site 3 -> site 3.
Customer 23: site 0 -> site 3.
Customer 24: site 3 -> site 4.
Customer 25: site 4 -> site 2.
Customer 26: site 4 -> site 1.
Customer 27: site 4 -> site 1.
Customer 28: site 4 -> site 3.
Customer 29: site 3 -> site 2.
Customer 30: site 4 -> site 2.
Customer 31: site 4 -> site 2.
Customer 32: site 1 -> site 4.
Customer 33: site 3 -> site 0.
Customer 34: site 0 -> site 2.
Customer 35: site 0 -> site 4.
Customer 36: site 3 -> site 3.
Customer 37: site 0 -> site 3.
Customer 38: site 1 -> site 0.
Customer 39: site 2 -> site 0.
Customer 40: site 4 -> site 4.
Customer 41: site 1 -> site 4.
Customer 42: site 3 -> site 1.
Customer 43: site 4 -> site 0.
Customer 44: site 4 -> site 4.
Customer 45: site 0 -> site 1.
Customer 46: site 2 -> site 2.
Customer 47: site 1 -> site 3.
Customer 48: site 4 -> site 2.
Customer 49: site 4 -> site 3.
The site 1 contains 4 bike(s), after that Customer 1 borrowed.
The site 3 contains 4 bike(s), after that Customer 2 borrowed.
The site 4 contains 4 bike(s), after that Customer 5 borrowed.
The site 0 contains 4 bike(s), after that Customer 0 borrowed.
The site 2 contains 4 bike(s), after that Customer 6 borrowed.
The site 3 contains 3 bike(s), after that Customer 42 borrowed.
The site 1 contains 3 bike(s), after that Customer 47 borrowed.
The site 3 contains 2 bike(s), after that Customer 36 borrowed.
The site 1 contains 2 bike(s), after that Customer 41 borrowed.
The site 3 contains 1 bike(s), after that Customer 33 borrowed.
The site 2 contains 3 bike(s), after that Customer 46 borrowed.
The site 4 contains 3 bike(s), after that Customer 49 borrowed.
The site 0 contains 3 bike(s), after that Customer 45 borrowed.
The site 4 contains 2 bike(s), after that Customer 48 borrowed.
The site 1 contains 1 bike(s), after that Customer 38 borrowed.
The site 1 contains 0 bike(s), after that Customer 32 borrowed.
The site 4 contains 1 bike(s), after that Customer 44 borrowed.
The site 0 contains 2 bike(s), after that Customer 37 borrowed.
The site 4 contains 0 bike(s), after that Customer 43 borrowed.
The site 0 contains 1 bike(s), after that Customer 35 borrowed.
The site 0 contains 0 bike(s), after that Customer 34 borrowed.
Customer 40 waits a bike on site 4
Customer 21 waits a bike on site 1
Truck is in 0 with 5 bike(s)
Customer 23 waits a bike on site 0
Customer 31 waits a bike on site 4
The site 3 contains 0 bike(s), after that Customer 29 borrowed.
Customer 20 waits a bike on site 0
Customer 19 waits a bike on site 0
Customer 17 waits a bike on site 0
The site 2 contains 2 bike(s), after that Customer 39 borrowed.
The site 3 contains 1 bike(s), after that Customer 37 returned.
Customer 15 waits a bike on site 0
The site 2 contains 1 bike(s), after that Customer 14 borrowed.
Customer 11 waits a bike on site 0
The site 2 contains 0 bike(s), after that Customer 10 borrowed.
The site 3 contains 0 bike(s), after that Customer 24 borrowed.
Customer 4 waits a bike on site 0
The site 0 contains 1 bike(s), after that Customer 38 returned.
Customer 22 waits a bike on site 3
The site 2 contains 1 bike(s), after that Customer 34 returned.
Customer 16 waits a bike on site 3
The site 0 contains 2 bike(s), after that Customer 43 returned.
Customer 9 waits a bike on site 3
The site 3 contains 1 bike(s), after that Customer 47 returned.
The site 2 contains 2 bike(s), after that Customer 48 returned.
The site 3 contains 2 bike(s), after that Customer 36 returned.
Customer 13 waits a bike on site 1
The site 2 contains 3 bike(s), after that Customer 6 returned.
The site 3 contains 3 bike(s), after that Customer 49 returned.
The site 0 contains 3 bike(s), after that Customer 39 returned.
Customer 30 waits a bike on site 4
The site 2 contains 4 bike(s), after that Customer 46 returned.
The site 0 contains 4 bike(s), after that Customer 33 returned.
The site 2 contains 5 bike(s), after that Customer 29 returned.
Customer 29: Finished.
The site 3 contains 4 bike(s), after that Customer 2 returned.
Customer 38: Finished.
The site 3 contains 3 bike(s), after that Customer 9 borrowed.
Truck is in 1 with 5 bike(s)
Customer 36: Finished.
Customer 48: Finished.
Customer 39: Finished.
The site 0 contains 3 bike(s), after that Customer 4 borrowed.
Customer 33: Finished.
Customer 43: Finished.
Customer 2: Finished.
Customer 37: Finished.
The site 3 contains 2 bike(s), after that Customer 16 borrowed.
The site 0 contains 2 bike(s), after that Customer 11 borrowed.
The site 3 contains 1 bike(s), after that Customer 22 borrowed.
The site 0 contains 1 bike(s), after that Customer 15 borrowed.
The site 0 contains 0 bike(s), after that Customer 17 borrowed.
Customer 28 waits a bike on site 4
Customer 19 waits a bike on site 0
Customer 8 waits a bike on site 1
Customer 27 waits a bike on site 4
The site 2 contains 6 bike(s), after that Customer 5 returned.
Customer 5: Finished.
Customer 20 waits a bike on site 0
Customer 7 waits a bike on site 1
Customer 23 waits a bike on site 0
Customer 34: Finished.
Customer 49: Finished.
Customer 6: Finished.
Customer 3 waits a bike on site 1
The site 1 contains 1 bike(s), after that Customer 11 returned.
Customer 11: Finished.
Customer 26 waits a bike on site 4
Customer 25 waits a bike on site 4
Customer 47: Finished.
The site 2 contains 7 bike(s), after that Customer 15 returned.
Customer 15: Finished.
Customer 46: Finished.
Customer 18 waits a bike on site 4
Customer 12 waits a bike on site 4
The site 4 contains 1 bike(s), after that Customer 16 returned.
Customer 16: Finished.
The site 4 contains 2 bike(s), after that Customer 24 returned.
Customer 24: Finished.
The site 4 contains 3 bike(s), after that Customer 14 returned.
Customer 14: Finished.
The site 4 contains 4 bike(s), after that Customer 44 returned.
Customer 44: Finished.
The site 4 contains 5 bike(s), after that Customer 35 returned.
Customer 35: Finished.
The site 3 contains 2 bike(s), after that Customer 17 returned.
The site 4 contains 6 bike(s), after that Customer 32 returned.
Customer 17: Finished.
Customer 32: Finished.
The site 4 contains 7 bike(s), after that Customer 41 returned.
Customer 41: Finished.
The site 4 contains 8 bike(s), after that Customer 4 returned.
Customer 4: Finished.
The site 4 contains 9 bike(s), after that Customer 0 returned.
Customer 0: Finished.
The site 4 contains 8 bike(s), after that Customer 12 borrowed.
The site 4 contains 7 bike(s), after that Customer 18 borrowed.
The site 4 contains 6 bike(s), after that Customer 25 borrowed.
The site 4 contains 5 bike(s), after that Customer 26 borrowed.
The site 4 contains 4 bike(s), after that Customer 27 borrowed.
The site 4 contains 3 bike(s), after that Customer 28 borrowed.
The site 4 contains 2 bike(s), after that Customer 30 borrowed.
The site 4 contains 1 bike(s), after that Customer 31 borrowed.
The site 4 contains 0 bike(s), after that Customer 40 borrowed.
The site 3 contains 3 bike(s), after that Customer 9 returned.
Customer 9: Finished.
The site 3 contains 4 bike(s), after that Customer 22 returned.
Customer 22: Finished.
The site 2 contains 8 bike(s), after that Customer 18 returned.
Customer 18: Finished.
The site 2 contains 9 bike(s), after that Customer 25 returned.
Customer 25: Finished.
The site 2 contains 10 bike(s), after that Customer 30 returned.
Customer 30: Finished.
Customer 31 waits to return their bike on site 2
The site 3 contains 5 bike(s), after that Customer 28 returned.
Customer 28: Finished.
The site 4 contains 1 bike(s), after that Customer 12 returned.
Customer 12: Finished.
The site 4 contains 2 bike(s), after that Customer 40 returned.
Customer 40: Finished.
Truck (5->1) loads 4 on site 1 (new=5)
The site 1 contains 6 bike(s), after that Customer 10 returned.
Customer 10: Finished.
The site 1 contains 7 bike(s), after that Customer 42 returned.
Customer 42: Finished.
The site 1 contains 8 bike(s), after that Customer 45 returned.
Customer 45: Finished.
The site 1 contains 9 bike(s), after that Customer 1 returned.
Customer 1: Finished.
The site 1 contains 10 bike(s), after that Customer 27 returned.
Customer 27: Finished.
Customer 26 waits to return their bike on site 1
The site 1 contains 9 bike(s), after that Customer 3 borrowed.
The site 1 contains 8 bike(s), after that Customer 7 borrowed.
The site 1 contains 7 bike(s), after that Customer 8 borrowed.
The site 1 contains 6 bike(s), after that Customer 13 borrowed.
The site 1 contains 5 bike(s), after that Customer 21 borrowed.
Truck is in 2 with 1 bike(s)
Truck (1->6) unloads 5 on  site 2 (new=5)
The site 2 contains 6 bike(s), after that Customer 31 returned.
Customer 31: Finished.
The site 2 contains 7 bike(s), after that Customer 3 returned.
Customer 3: Finished.
Truck is in 3 with 6 bike(s)
The site 3 contains 6 bike(s), after that Customer 7 returned.
Customer 7: Finished.
Truck is in 4 with 6 bike(s)
The site 4 contains 3 bike(s), after that Customer 13 returned.
Customer 13: Finished.
The site 4 contains 4 bike(s), after that Customer 21 returned.
Customer 21: Finished.
The site 0 contains 1 bike(s), after that Customer 8 returned.
Customer 8: Finished.
The site 0 contains 0 bike(s), after that Customer 19 borrowed.
Truck is in 0 with 6 bike(s)
Customer 23 waits a bike on site 0
Customer 20 waits a bike on site 0
Truck (6->1) loads 5 on site 0 (new=5)
The site 0 contains 4 bike(s), after that Customer 23 borrowed.
The site 0 contains 3 bike(s), after that Customer 20 borrowed.
Truck is in 1 with 1 bike(s)
Truck is in 2 with 1 bike(s)
The site 3 contains 7 bike(s), after that Customer 23 returned.
Customer 23: Finished.
Truck is in 3 with 1 bike(s)
The site 4 contains 5 bike(s), after that Customer 20 returned.
Customer 20: Finished.
Truck is in 4 with 1 bike(s)
The site 0 contains 4 bike(s), after that Customer 19 returned.
Customer 19: Finished.
Truck is in 0 with 1 bike(s)
Truck is in 1 with 1 bike(s)
Truck is in 2 with 1 bike(s)
Truck is in 3 with 1 bike(s)
Truck is in 4 with 1 bike(s)
Truck is in 0 with 1 bike(s)
Truck is in 1 with 1 bike(s)
Truck is in 2 with 1 bike(s)
Truck is in 3 with 1 bike(s)
Truck is in 4 with 1 bike(s)

... infinity ...