Customer 0: site 2 -> site 0.
Customer 1: site 3 -> site 1.
Customer 2: site 2 -> site 4.
Customer 3: site 2 -> site 0.
Customer 4: site 4 -> site 3.
Customer 5: site 3 -> site 2.
Customer 6: site 1 -> site 3.
Customer 7: site 0 -> site 4.
Customer 8: site 4 -> site 3.
Customer 9: site 3 -> site 4.
Customer 10: site 4 -> site 3.
Customer 11: site 0 -> site 2.
Customer 12: site 2 -> site 3.
Customer 13: site 2 -> site 3.
Customer 14: site 2 -> site 0.
Customer 15: site 3 -> site 3.
Customer 16: site 2 -> site 1.
Customer 17: site 0 -> site 3.
Customer 18: site 3 -> site 3.
Customer 19: site 3 -> site 2.
The site 3 contains 4 bike(s).
The site 0 contains 4 bike(s).
The site 2 contains 4 bike(s).
The site 1 contains 4 bike(s).
The site 4 contains 4 bike(s).
The site 3 contains 3 bike(s).
The site 0 contains 3 bike(s).
The site 2 contains 3 bike(s).
The site 4 contains 3 bike(s).
The site 0 contains 2 bike(s).
The site 4 contains 2 bike(s).
The site 3 contains 2 bike(s).
The site 2 contains 2 bike(s).
The site 3 contains 1 bike(s).
The site 2 contains 1 bike(s).
The site 3 contains 0 bike(s).
The site 2 contains 0 bike(s).
Customer 5 waits a bike on site 3
The site 3 contains 1 bike(s).
Customer 3 waits a bike on site 2
Customer 2 waits a bike on site 2
The site 2 contains 1 bike(s).
The site 3 contains 2 bike(s).
The site 4 contains 3 bike(s).
The site 3 contains 3 bike(s).
The site 3 contains 4 bike(s).
The site 4 contains 4 bike(s).
The site 0 contains 3 bike(s).
The site 1 contains 5 bike(s).
The site 1 contains 6 bike(s).
The site 3 contains 5 bike(s).
Truck loads site 2
Customer 17: Finished.
Customer 16: Finished.
Customer 13: Finished.
Customer 0: Finished.
Customer 12: Finished.
Customer 9: Finished.
Customer 11: Finished.
The site 3 contains 6 bike(s).
Customer 10: Finished.
The site 2 contains 2 bike(s).
Customer 4: Finished.
Customer 6: Finished.
Customer 1: Finished.
Customer 7: Finished.
The site 0 contains 4 bike(s).
The site 2 contains 1 bike(s).
Customer 14: Finished.
The site 2 contains 2 bike(s).
Customer 19: Finished.
The site 2 contains 1 bike(s).
The site 3 contains 7 bike(s).
Customer 8: Finished.
The site 3 contains 8 bike(s).
Customer 18: Finished.
The site 3 contains 9 bike(s).
Customer 15: Finished.
The site 4 contains 5 bike(s).
Customer 2: Finished.
The site 0 contains 5 bike(s).
Customer 3: Finished.
Truck loads site 2
The site 2 contains 2 bike(s).
Truck unloads site 3
The site 3 contains 8 bike(s).
