Customer 0: site 2 -> site 0.
Customer 1: site 2 -> site 4.
Customer 2: site 4 -> site 3.
Customer 3: site 1 -> site 0.
Customer 4: site 2 -> site 4.
Customer 5: site 2 -> site 3.
Customer 6: site 0 -> site 3.
Customer 7: site 1 -> site 1.
Customer 8: site 3 -> site 3.
Customer 9: site 4 -> site 2.
Customer 10: site 4 -> site 4.
Customer 11: site 3 -> site 0.
Customer 12: site 3 -> site 2.
Customer 13: site 4 -> site 4.
Customer 14: site 3 -> site 2.
Customer 15: site 4 -> site 4.
Customer 16: site 2 -> site 0.
Customer 17: site 2 -> site 2.
Customer 18: site 4 -> site 2.
Customer 19: site 0 -> site 1.
The site 2 contains 4 bike(s).
The site 0 contains 4 bike(s).
The site 1 contains 4 bike(s).
The site 3 contains 4 bike(s).
The site 4 contains 4 bike(s).
The site 2 contains 3 bike(s).
The site 0 contains 3 bike(s).
The site 1 contains 3 bike(s).
The site 3 contains 3 bike(s).
The site 4 contains 3 bike(s).
The site 1 contains 4 bike(s).
The site 4 contains 2 bike(s).
The site 3 contains 2 bike(s).
The site 2 contains 2 bike(s).
The site 4 contains 1 bike(s).
The site 2 contains 1 bike(s).
The site 4 contains 0 bike(s).
The site 3 contains 1 bike(s).
The site 3 contains 2 bike(s).
The site 0 contains 4 bike(s).
The site 2 contains 0 bike(s).
Customer 9 waits a bike on site 4
The site 3 contains 3 bike(s).
Customer 1 waits a bike on site 2
The site 2 contains 1 bike(s).
Truck (2) loads site 2
The site 2 contains 2 bike(s).
The site 2 contains 1 bike(s).
The site 0 contains 5 bike(s).
The site 3 contains 4 bike(s).
The site 2 contains 2 bike(s).
The site 3 contains 5 bike(s).
The site 2 contains 3 bike(s).
The site 1 contains 5 bike(s).
Customer 19: Finished.
The site 4 contains 1 bike(s).
Customer 17: Finished.
Customer 7: Finished.
Customer 8: Finished.
Customer 2: Finished.
Customer 14: Finished.
Customer 5: Finished.
The site 0 contains 6 bike(s).
Customer 11: Finished.
Customer 6: Finished.
Customer 18: Finished.
Customer 4: Finished.
Customer 0: Finished.
The site 0 contains 7 bike(s).
Customer 3: Finished.
The site 4 contains 2 bike(s).
Customer 16: Finished.
Customer 1: Finished.
The site 2 contains 4 bike(s).
Customer 12: Finished.
The site 4 contains 3 bike(s).
Customer 15: Finished.
The site 4 contains 4 bike(s).
Customer 13: Finished.
The site 4 contains 5 bike(s).
Customer 10: Finished.